Scan finished at Tue 02/17/2026 11:48:23.51 with exit code 4 
Scan finished at Tue 02/17/2026 11:53:46.79 with exit code 0 
Scan finished at Tue 02/17/2026 12:03:41.66 with exit code 0 
Scan finished at Tue 02/17/2026 12:10:20.28 with exit code 0 
Scan finished at Tue 02/17/2026 12:25:05.82 with exit code 2 
Scan finished at Tue 02/17/2026 12:41:14.03 with exit code 0 
Scan finished at Tue 02/17/2026 12:55:00.39 with exit code 0 
Scan finished at Wed 02/18/2026  7:03:01.69 with exit code 1 
Scan finished at Wed 02/18/2026 10:51:59.32 with exit code 1 
Scan finished at Wed 02/18/2026 11:29:24.15 with exit code 1 
Scan finished at Wed 02/18/2026 11:43:13.54 with exit code 0 
Scan finished at Wed 02/18/2026 11:50:31.65 with exit code 0 
Scan finished at Wed 02/18/2026 11:55:22.93 with exit code 0 
Scan finished at Thu 02/19/2026  7:02:46.96 with exit code 0 
Scan finished at Fri 02/20/2026  7:02:43.05 with exit code 0 
Scan finished at Sat 02/21/2026  7:03:11.31 with exit code 0 
Scan finished at Sun 02/22/2026  7:03:07.12 with exit code 0 
Scan finished at Mon 02/23/2026  7:02:58.58 with exit code 0 
Scan finished at Tue 02/24/2026  7:02:54.77 with exit code 0 
Scan finished at Wed 02/25/2026  7:03:02.83 with exit code 0 
Scan finished at Thu 02/26/2026  7:02:50.74 with exit code 0 
Scan finished at Fri 02/27/2026  7:03:10.01 with exit code 0 
Scan finished at Sat 02/28/2026  7:03:27.68 with exit code 0 
Scan finished at Sun 03/01/2026  7:03:00.58 with exit code 0 
Scan finished at Mon 03/02/2026  7:02:59.45 with exit code 0 
Scan finished at Tue 03/03/2026  7:03:48.40 with exit code 0 
Scan finished at Wed 03/04/2026  7:03:19.51 with exit code 0 
Scan finished at Thu 03/05/2026  7:04:08.58 with exit code 0 
Scan finished at Fri 03/06/2026  7:03:34.19 with exit code 0 
Scan finished at Sat 03/07/2026  7:03:23.27 with exit code 0 
Scan finished at Sun 03/08/2026  7:03:42.12 with exit code 0 
Scan finished at Mon 03/09/2026  7:03:34.00 with exit code 1 
Scan finished at Tue 03/10/2026  7:03:44.87 with exit code 1 
Scan finished at Wed 03/11/2026  7:07:41.96 with exit code 0 
Scan finished at Thu 03/12/2026  7:03:59.60 with exit code 0 
Scan finished at Fri 03/13/2026  7:06:27.36 with exit code 0 
Scan finished at Sat 03/14/2026  7:06:23.74 with exit code 0 
Scan finished at Sun 03/15/2026  7:03:26.06 with exit code 0 
Scan finished at Sun 03/15/2026 10:29:08.05 with exit code 0 
Scan finished at Mon 03/16/2026  7:03:52.17 with exit code 1 
Scan finished at Mon 03/16/2026 11:56:13.16 with exit code 0 
Scan finished at Tue 03/17/2026  7:01:24.49 with exit code 1 
Scan finished at Wed 03/18/2026  7:04:06.45 with exit code 1 
Scan finished at Wed 03/18/2026 12:25:28.49 with exit code 0 
Scan finished at Thu 03/19/2026  7:05:50.68 with exit code 0 
Scan finished at Fri 03/20/2026  7:06:04.13 with exit code 0 
Scan finished at Sat 03/21/2026  7:06:59.09 with exit code 0 
Scan finished at Sun 03/22/2026  7:06:09.58 with exit code 0 
Scan finished at Mon 03/23/2026  7:05:16.89 with exit code 0 
Scan finished at Tue 03/24/2026  7:05:01.27 with exit code 0 
Scan finished at Wed 03/25/2026  7:06:31.43 with exit code 1 
Scan finished at Wed 03/25/2026 12:09:01.06 with exit code 0 
Scan finished at Thu 03/26/2026  7:04:20.60 with exit code 0 
Scan finished at Fri 03/27/2026  7:04:13.85 with exit code 0 
Scan finished at Sat 03/28/2026  7:06:30.85 with exit code 1 
Scan finished at Sun 03/29/2026  7:02:29.51 with exit code 1 
Scan finished at Mon 03/30/2026  7:04:34.99 with exit code 1 
Scan finished at Tue 03/31/2026  7:05:12.63 with exit code 0 
Scan finished at Sun 04/12/2026  8:47:05.18 with exit code 0 
Scan finished at Mon 04/13/2026  7:02:51.05 with exit code 0 
Scan finished at Tue 04/14/2026  7:04:17.44 with exit code 0 
Scan finished at Wed 04/15/2026  7:03:16.11 with exit code 0 
Scan finished at Thu 04/16/2026  7:03:52.33 with exit code 0 
Scan finished at Thu 04/16/2026  9:52:48.17 with exit code 0 
Scan finished at Thu 04/16/2026 10:07:06.88 with exit code 0 
Scan finished at Thu 04/16/2026 10:26:33.87 with exit code 0 
Scan finished at Thu 04/16/2026 10:37:21.62 with exit code 0 
Scan finished at Fri 04/17/2026  7:02:26.70 with exit code 0 
Scan finished at Sat 04/18/2026  7:02:42.68 with exit code 0 
Scan finished at Sun 04/19/2026  7:02:28.49 with exit code 0 
